# JRE version: OpenJDK Runtime Environment Temurin-21.0.6+7 (21.0.6+7) (build 21.0.6+7-LTS)
# Java VM: OpenJDK 64-Bit Server VM Temurin-21.0.6+7 (21.0.6+7-LTS, mixed mode, sharing, tiered, compressed oops, compressed class ptrs, parallel gc, windows-amd64)
GC Precious Log:
 CardTable entry size: 512
 CPUs: 12 total, 12 available
 Memory: 7955M
 Large Page Support: Disabled
 NUMA Support: Disabled
 Compressed Oops: Enabled (32-bit)
 Alignments: Space 512K, Generation 512K, Heap 2M
 Heap Min Capacity: 100M
 Heap Initial Capacity: 100M
 Heap Max Capacity: 1G
 Pre-touch: Disabled
 Parallel Workers: 10
Heap:
 PSYoungGen      total 22528K, used 22511K [0x00000000eab00000, 0x00000000ec200000, 0x0000000100000000)
  eden space 21504K, 100% used [0x00000000eab00000,0x00000000ec000000,0x00000000ec000000)
  from space 1024K, 98% used [0x00000000ec100000,0x00000000ec1fbd38,0x00000000ec200000)
  to   space 1024K, 99% used [0x00000000ec000000,0x00000000ec0ff2b0,0x00000000ec100000)
 ParOldGen       total 386560K, used 386553K [0x00000000c0000000, 0x00000000d7980000, 0x00000000eab00000)
  object space 386560K, 99% used [0x00000000c0000000,0x00000000d797e410,0x00000000d7980000)
 Metaspace       used 77633K, committed 79296K, reserved 1179648K
  class space    used 7990K, committed 8704K, reserved 1048576K
GC Heap History (20 events):
Event: 85.973 GC heap before
{Heap before GC invocations=1357 (full 3):
 PSYoungGen      total 23040K, used 22740K [0x00000000eab00000, 0x00000000ec500000, 0x0000000100000000)
  eden space 21504K, 100% used [0x00000000eab00000,0x00000000ec000000,0x00000000ec000000)
  from space 1536K, 80% used [0x00000000ec380000,0x00000000ec4b5220,0x00000000ec500000)
  to   space 1536K, 0% used [0x00000000ec200000,0x00000000ec200000,0x00000000ec380000)
 ParOldGen       total 380416K, used 379976K [0x00000000c0000000, 0x00000000d7380000, 0x00000000eab00000)
  object space 380416K, 99% used [0x00000000c0000000,0x00000000d7312280,0x00000000d7380000)
 Metaspace       used 73016K, committed 74688K, reserved 1179648K
  class space    used 7480K, committed 8192K, reserved 1048576K
}
Event: 85.976 GC heap after
{Heap after GC invocations=1357 (full 3):
 PSYoungGen      total 23040K, used 1536K [0x00000000eab00000, 0x00000000ec700000, 0x0000000100000000)
  eden space 21504K, 0% used [0x00000000eab00000,0x00000000eab00000,0x00000000ec000000)
  from space 1536K, 100% used [0x00000000ec200000,0x00000000ec380000,0x00000000ec380000)
  to   space 3584K, 0% used [0x00000000ec380000,0x00000000ec380000,0x00000000ec700000)
 ParOldGen       total 381952K, used 381458K [0x00000000c0000000, 0x00000000d7500000, 0x00000000eab00000)
  object space 381952K, 99% used [0x00000000c0000000,0x00000000d74849e0,0x00000000d7500000)
 Metaspace       used 73016K, committed 74688K, reserved 1179648K
  class space    used 7480K, committed 8192K, reserved 1048576K
}
Event: 420.042 GC heap before
{Heap before GC invocations=1358 (full 3):
 PSYoungGen      total 23040K, used 22984K [0x00000000eab00000, 0x00000000ec700000, 0x0000000100000000)
  eden space 21504K, 99% used [0x00000000eab00000,0x00000000ebff20d8,0x00000000ec000000)
  from space 1536K, 100% used [0x00000000ec200000,0x00000000ec380000,0x00000000ec380000)
  to   space 3584K, 0% used [0x00000000ec380000,0x00000000ec380000,0x00000000ec700000)
 ParOldGen       total 381952K, used 381458K [0x00000000c0000000, 0x00000000d7500000, 0x00000000eab00000)
  object space 381952K, 99% used [0x00000000c0000000,0x00000000d74849e0,0x00000000d7500000)
 Metaspace       used 74240K, committed 75840K, reserved 1179648K
  class space    used 7579K, committed 8256K, reserved 1048576K
}
Event: 420.062 GC heap after
{Heap after GC invocations=1358 (full 3):
 PSYoungGen      total 22528K, used 593K [0x00000000eab00000, 0x00000000ec480000, 0x0000000100000000)
  eden space 21504K, 0% used [0x00000000eab00000,0x00000000eab00000,0x00000000ec000000)
  from space 1024K, 57% used [0x00000000ec380000,0x00000000ec4145d0,0x00000000ec480000)
  to   space 1536K, 0% used [0x00000000ec180000,0x00000000ec180000,0x00000000ec300000)
 ParOldGen       total 383488K, used 383007K [0x00000000c0000000, 0x00000000d7680000, 0x00000000eab00000)
  object space 383488K, 99% used [0x00000000c0000000,0x00000000d7607d30,0x00000000d7680000)
 Metaspace       used 74240K, committed 75840K, reserved 1179648K
  class space    used 7579K, committed 8256K, reserved 1048576K
}
Event: 561.127 GC heap before
{Heap before GC invocations=1359 (full 3):
 PSYoungGen      total 22528K, used 22097K [0x00000000eab00000, 0x00000000ec480000, 0x0000000100000000)
  eden space 21504K, 99% used [0x00000000eab00000,0x00000000ebfffff0,0x00000000ec000000)
  from space 1024K, 57% used [0x00000000ec380000,0x00000000ec4145d0,0x00000000ec480000)
  to   space 1536K, 0% used [0x00000000ec180000,0x00000000ec180000,0x00000000ec300000)
 ParOldGen       total 383488K, used 383007K [0x00000000c0000000, 0x00000000d7680000, 0x00000000eab00000)
  object space 383488K, 99% used [0x00000000c0000000,0x00000000d7607d30,0x00000000d7680000)
 Metaspace       used 76497K, committed 78144K, reserved 1179648K
  class space    used 7926K, committed 8640K, reserved 1048576K
}
Event: 561.219 GC heap after
{Heap after GC invocations=1359 (full 3):
 PSYoungGen      total 23040K, used 656K [0x00000000eab00000, 0x00000000ec400000, 0x0000000100000000)
  eden space 21504K, 0% used [0x00000000eab00000,0x00000000eab00000,0x00000000ec000000)
  from space 1536K, 42% used [0x00000000ec180000,0x00000000ec224010,0x00000000ec300000)
  to   space 1024K, 0% used [0x00000000ec300000,0x00000000ec300000,0x00000000ec400000)
 ParOldGen       total 383488K, used 383406K [0x00000000c0000000, 0x00000000d7680000, 0x00000000eab00000)
  object space 383488K, 99% used [0x00000000c0000000,0x00000000d766b928,0x00000000d7680000)
 Metaspace       used 76497K, committed 78144K, reserved 1179648K
  class space    used 7926K, committed 8640K, reserved 1048576K
}
Event: 714.619 GC heap before
{Heap before GC invocations=1360 (full 3):
 PSYoungGen      total 23040K, used 22160K [0x00000000eab00000, 0x00000000ec400000, 0x0000000100000000)
  eden space 21504K, 100% used [0x00000000eab00000,0x00000000ec000000,0x00000000ec000000)
  from space 1536K, 42% used [0x00000000ec180000,0x00000000ec224010,0x00000000ec300000)
  to   space 1024K, 0% used [0x00000000ec300000,0x00000000ec300000,0x00000000ec400000)
 ParOldGen       total 383488K, used 383406K [0x00000000c0000000, 0x00000000d7680000, 0x00000000eab00000)
  object space 383488K, 99% used [0x00000000c0000000,0x00000000d766b928,0x00000000d7680000)
 Metaspace       used 76839K, committed 78464K, reserved 1179648K
  class space    used 7969K, committed 8640K, reserved 1048576K
}
Event: 714.636 GC heap after
{Heap after GC invocations=1360 (full 3):
 PSYoungGen      total 22528K, used 1004K [0x00000000eab00000, 0x00000000ec500000, 0x0000000100000000)
  eden space 21504K, 0% used [0x00000000eab00000,0x00000000eab00000,0x00000000ec000000)
  from space 1024K, 98% used [0x00000000ec300000,0x00000000ec3fb1a0,0x00000000ec400000)
  to   space 2560K, 0% used [0x00000000ec000000,0x00000000ec000000,0x00000000ec280000)
 ParOldGen       total 385024K, used 384590K [0x00000000c0000000, 0x00000000d7800000, 0x00000000eab00000)
  object space 385024K, 99% used [0x00000000c0000000,0x00000000d77939b8,0x00000000d7800000)
 Metaspace       used 76839K, committed 78464K, reserved 1179648K
  class space    used 7969K, committed 8640K, reserved 1048576K
}
Event: 719.035 GC heap before
{Heap before GC invocations=1361 (full 3):
 PSYoungGen      total 22528K, used 22508K [0x00000000eab00000, 0x00000000ec500000, 0x0000000100000000)
  eden space 21504K, 100% used [0x00000000eab00000,0x00000000ec000000,0x00000000ec000000)
  from space 1024K, 98% used [0x00000000ec300000,0x00000000ec3fb1a0,0x00000000ec400000)
  to   space 2560K, 0% used [0x00000000ec000000,0x00000000ec000000,0x00000000ec280000)
 ParOldGen       total 385024K, used 384590K [0x00000000c0000000, 0x00000000d7800000, 0x00000000eab00000)
  object space 385024K, 99% used [0x00000000c0000000,0x00000000d77939b8,0x00000000d7800000)
 Metaspace       used 76967K, committed 78656K, reserved 1179648K
  class space    used 7977K, committed 8704K, reserved 1048576K
}
Event: 719.045 GC heap after
{Heap after GC invocations=1361 (full 3):
 PSYoungGen      total 22528K, used 924K [0x00000000eab00000, 0x00000000ec380000, 0x0000000100000000)
  eden space 21504K, 0% used [0x00000000eab00000,0x00000000eab00000,0x00000000ec000000)
  from space 1024K, 90% used [0x00000000ec000000,0x00000000ec0e7270,0x00000000ec100000)
  to   space 1536K, 0% used [0x00000000ec200000,0x00000000ec200000,0x00000000ec380000)
 ParOldGen       total 386048K, used 385575K [0x00000000c0000000, 0x00000000d7900000, 0x00000000eab00000)
  object space 386048K, 99% used [0x00000000c0000000,0x00000000d7889ec0,0x00000000d7900000)
 Metaspace       used 76967K, committed 78656K, reserved 1179648K
  class space    used 7977K, committed 8704K, reserved 1048576K
}
Event: 1774.590 GC heap before
{Heap before GC invocations=1362 (full 3):
 PSYoungGen      total 22528K, used 22428K [0x00000000eab00000, 0x00000000ec380000, 0x0000000100000000)
  eden space 21504K, 100% used [0x00000000eab00000,0x00000000ec000000,0x00000000ec000000)
  from space 1024K, 90% used [0x00000000ec000000,0x00000000ec0e7270,0x00000000ec100000)
  to   space 1536K, 0% used [0x00000000ec200000,0x00000000ec200000,0x00000000ec380000)
 ParOldGen       total 386048K, used 385575K [0x00000000c0000000, 0x00000000d7900000, 0x00000000eab00000)
  object space 386048K, 99% used [0x00000000c0000000,0x00000000d7889ec0,0x00000000d7900000)
 Metaspace       used 77077K, committed 78720K, reserved 1179648K
  class space    used 7981K, committed 8704K, reserved 1048576K
}
Event: 1774.709 GC heap after
{Heap after GC invocations=1362 (full 3):
 PSYoungGen      total 22528K, used 765K [0x00000000eab00000, 0x00000000ec300000, 0x0000000100000000)
  eden space 21504K, 0% used [0x00000000eab00000,0x00000000eab00000,0x00000000ec000000)
  from space 1024K, 74% used [0x00000000ec200000,0x00000000ec2bf710,0x00000000ec300000)
  to   space 1024K, 0% used [0x00000000ec000000,0x00000000ec000000,0x00000000ec100000)
 ParOldGen       total 386560K, used 386224K [0x00000000c0000000, 0x00000000d7980000, 0x00000000eab00000)
  object space 386560K, 99% used [0x00000000c0000000,0x00000000d792c140,0x00000000d7980000)
 Metaspace       used 77077K, committed 78720K, reserved 1179648K
  class space    used 7981K, committed 8704K, reserved 1048576K
}
Event: 1775.726 GC heap before
{Heap before GC invocations=1363 (full 3):
 PSYoungGen      total 22528K, used 22269K [0x00000000eab00000, 0x00000000ec300000, 0x0000000100000000)
  eden space 21504K, 100% used [0x00000000eab00000,0x00000000ec000000,0x00000000ec000000)
  from space 1024K, 74% used [0x00000000ec200000,0x00000000ec2bf710,0x00000000ec300000)
  to   space 1024K, 0% used [0x00000000ec000000,0x00000000ec000000,0x00000000ec100000)
 ParOldGen       total 386560K, used 386224K [0x00000000c0000000, 0x00000000d7980000, 0x00000000eab00000)
  object space 386560K, 99% used [0x00000000c0000000,0x00000000d792c140,0x00000000d7980000)
 Metaspace       used 77246K, committed 78912K, reserved 1179648K
  class space    used 7988K, committed 8704K, reserved 1048576K
}
Event: 1775.731 GC heap after
{Heap after GC invocations=1363 (full 3):
 PSYoungGen      total 22528K, used 444K [0x00000000eab00000, 0x00000000ec280000, 0x0000000100000000)
  eden space 21504K, 0% used [0x00000000eab00000,0x00000000eab00000,0x00000000ec000000)
  from space 1024K, 43% used [0x00000000ec000000,0x00000000ec06f290,0x00000000ec100000)
  to   space 1024K, 0% used [0x00000000ec180000,0x00000000ec180000,0x00000000ec280000)
 ParOldGen       total 386560K, used 386224K [0x00000000c0000000, 0x00000000d7980000, 0x00000000eab00000)
  object space 386560K, 99% used [0x00000000c0000000,0x00000000d792c140,0x00000000d7980000)
 Metaspace       used 77246K, committed 78912K, reserved 1179648K
  class space    used 7988K, committed 8704K, reserved 1048576K
}
Event: 4900.625 GC heap before
{Heap before GC invocations=1364 (full 3):
 PSYoungGen      total 22528K, used 21948K [0x00000000eab00000, 0x00000000ec280000, 0x0000000100000000)
  eden space 21504K, 100% used [0x00000000eab00000,0x00000000ec000000,0x00000000ec000000)
  from space 1024K, 43% used [0x00000000ec000000,0x00000000ec06f290,0x00000000ec100000)
  to   space 1024K, 0% used [0x00000000ec180000,0x00000000ec180000,0x00000000ec280000)
 ParOldGen       total 386560K, used 386224K [0x00000000c0000000, 0x00000000d7980000, 0x00000000eab00000)
  object space 386560K, 99% used [0x00000000c0000000,0x00000000d792c140,0x00000000d7980000)
 Metaspace       used 77377K, committed 79040K, reserved 1179648K
  class space    used 7989K, committed 8704K, reserved 1048576K
}
Event: 4900.718 GC heap after
{Heap after GC invocations=1364 (full 3):
 PSYoungGen      total 22528K, used 782K [0x00000000eab00000, 0x00000000ec280000, 0x0000000100000000)
  eden space 21504K, 0% used [0x00000000eab00000,0x00000000eab00000,0x00000000ec000000)
  from space 1024K, 76% used [0x00000000ec180000,0x00000000ec2438d8,0x00000000ec280000)
  to   space 1024K, 0% used [0x00000000ec000000,0x00000000ec000000,0x00000000ec100000)
 ParOldGen       total 386560K, used 386232K [0x00000000c0000000, 0x00000000d7980000, 0x00000000eab00000)
  object space 386560K, 99% used [0x00000000c0000000,0x00000000d792e140,0x00000000d7980000)
 Metaspace       used 77377K, committed 79040K, reserved 1179648K
  class space    used 7989K, committed 8704K, reserved 1048576K
}
Event: 4901.078 GC heap before
{Heap before GC invocations=1365 (full 3):
 PSYoungGen      total 22528K, used 22286K [0x00000000eab00000, 0x00000000ec280000, 0x0000000100000000)
  eden space 21504K, 99% used [0x00000000eab00000,0x00000000ebfffff0,0x00000000ec000000)
  from space 1024K, 76% used [0x00000000ec180000,0x00000000ec2438d8,0x00000000ec280000)
  to   space 1024K, 0% used [0x00000000ec000000,0x00000000ec000000,0x00000000ec100000)
 ParOldGen       total 386560K, used 386232K [0x00000000c0000000, 0x00000000d7980000, 0x00000000eab00000)
  object space 386560K, 99% used [0x00000000c0000000,0x00000000d792e140,0x00000000d7980000)
 Metaspace       used 77484K, committed 79168K, reserved 1179648K
  class space    used 7989K, committed 8704K, reserved 1048576K
}
Event: 4901.084 GC heap after
{Heap after GC invocations=1365 (full 3):
 PSYoungGen      total 22528K, used 766K [0x00000000eab00000, 0x00000000ec200000, 0x0000000100000000)
  eden space 21504K, 0% used [0x00000000eab00000,0x00000000eab00000,0x00000000ec000000)
  from space 1024K, 74% used [0x00000000ec000000,0x00000000ec0bf8c8,0x00000000ec100000)
  to   space 1024K, 0% used [0x00000000ec100000,0x00000000ec100000,0x00000000ec200000)
 ParOldGen       total 386560K, used 386240K [0x00000000c0000000, 0x00000000d7980000, 0x00000000eab00000)
  object space 386560K, 99% used [0x00000000c0000000,0x00000000d7930140,0x00000000d7980000)
 Metaspace       used 77484K, committed 79168K, reserved 1179648K
  class space    used 7989K, committed 8704K, reserved 1048576K
}
Event: 13475.522 GC heap before
{Heap before GC invocations=1366 (full 3):
 PSYoungGen      total 22528K, used 22270K [0x00000000eab00000, 0x00000000ec200000, 0x0000000100000000)
  eden space 21504K, 100% used [0x00000000eab00000,0x00000000ec000000,0x00000000ec000000)
  from space 1024K, 74% used [0x00000000ec000000,0x00000000ec0bf8c8,0x00000000ec100000)
  to   space 1024K, 0% used [0x00000000ec100000,0x00000000ec100000,0x00000000ec200000)
 ParOldGen       total 386560K, used 386240K [0x00000000c0000000, 0x00000000d7980000, 0x00000000eab00000)
  object space 386560K, 99% used [0x00000000c0000000,0x00000000d7930140,0x00000000d7980000)
 Metaspace       used 77590K, committed 79232K, reserved 1179648K
  class space    used 7990K, committed 8704K, reserved 1048576K
}
Event: 13477.715 GC heap after
{Heap after GC invocations=1366 (full 3):
 PSYoungGen      total 22528K, used 1007K [0x00000000eab00000, 0x00000000ec200000, 0x0000000100000000)
  eden space 21504K, 0% used [0x00000000eab00000,0x00000000eab00000,0x00000000ec000000)
  from space 1024K, 98% used [0x00000000ec100000,0x00000000ec1fbd38,0x00000000ec200000)
  to   space 1024K, 0% used [0x00000000ec000000,0x00000000ec000000,0x00000000ec100000)
 ParOldGen       total 386560K, used 386396K [0x00000000c0000000, 0x00000000d7980000, 0x00000000eab00000)
  object space 386560K, 99% used [0x00000000c0000000,0x00000000d7957160,0x00000000d7980000)
 Metaspace       used 77590K, committed 79232K, reserved 1179648K
  class space    used 7990K, committed 8704K, reserved 1048576K
}

