# JRE version: Java(TM) SE Runtime Environment (17.0.10+11) (build 17.0.10+11-LTS-240)
# Java VM: Java HotSpot(TM) 64-Bit Server VM (17.0.10+11-LTS-240, mixed mode, sharing, tiered, compressed oops, compressed class ptrs, g1 gc, windows-amd64)
GC Precious Log:
 CPUs: 12 total, 12 available
 Memory: 7955M
 Large Page Support: Disabled
 NUMA Support: Disabled
 Compressed Oops: Enabled (32-bit)
 Heap Region Size: 1M
 Heap Min Capacity: 8M
 Heap Initial Capacity: 126M
 Heap Max Capacity: 1990M
 Pre-touch: Disabled
 Parallel Workers: 10
 Concurrent Workers: 3
 Concurrent Refinement Workers: 10
 Periodic GC: Disabled
Heap:
 garbage-first heap   total 84992K, used 48666K [0x0000000083a00000, 0x0000000100000000)
  region size 1024K, 4 young (4096K), 2 survivors (2048K)
 Metaspace       used 88638K, committed 89344K, reserved 1179648K
  class space    used 12094K, committed 12416K, reserved 1048576K
GC Heap History (20 events):
Event: 21.350 GC heap before
{Heap before GC invocations=32 (full 0):
 garbage-first heap   total 84992K, used 41082K [0x0000000083a00000, 0x0000000100000000)
  region size 1024K, 5 young (5120K), 4 survivors (4096K)
 Metaspace       used 74604K, committed 75136K, reserved 1114112K
  class space    used 10071K, committed 10304K, reserved 1048576K
}
Event: 21.357 GC heap after
{Heap after GC invocations=33 (full 0):
 garbage-first heap   total 84992K, used 40422K [0x0000000083a00000, 0x0000000100000000)
  region size 1024K, 1 young (1024K), 1 survivors (1024K)
 Metaspace       used 74604K, committed 75136K, reserved 1114112K
  class space    used 10071K, committed 10304K, reserved 1048576K
}
Event: 22.247 GC heap before
{Heap before GC invocations=33 (full 0):
 garbage-first heap   total 84992K, used 69094K [0x0000000083a00000, 0x0000000100000000)
  region size 1024K, 29 young (29696K), 1 survivors (1024K)
 Metaspace       used 76738K, committed 77312K, reserved 1179648K
  class space    used 10356K, committed 10624K, reserved 1048576K
}
Event: 22.249 GC heap after
{Heap after GC invocations=34 (full 0):
 garbage-first heap   total 84992K, used 41717K [0x0000000083a00000, 0x0000000100000000)
  region size 1024K, 2 young (2048K), 2 survivors (2048K)
 Metaspace       used 76738K, committed 77312K, reserved 1179648K
  class space    used 10356K, committed 10624K, reserved 1048576K
}
Event: 22.969 GC heap before
{Heap before GC invocations=35 (full 0):
 garbage-first heap   total 84992K, used 69365K [0x0000000083a00000, 0x0000000100000000)
  region size 1024K, 29 young (29696K), 2 survivors (2048K)
 Metaspace       used 78734K, committed 79296K, reserved 1179648K
  class space    used 10635K, committed 10944K, reserved 1048576K
}
Event: 22.972 GC heap after
{Heap after GC invocations=36 (full 0):
 garbage-first heap   total 84992K, used 43896K [0x0000000083a00000, 0x0000000100000000)
  region size 1024K, 4 young (4096K), 4 survivors (4096K)
 Metaspace       used 78734K, committed 79296K, reserved 1179648K
  class space    used 10635K, committed 10944K, reserved 1048576K
}
Event: 23.727 GC heap before
{Heap before GC invocations=36 (full 0):
 garbage-first heap   total 84992K, used 69496K [0x0000000083a00000, 0x0000000100000000)
  region size 1024K, 29 young (29696K), 4 survivors (4096K)
 Metaspace       used 80722K, committed 81280K, reserved 1179648K
  class space    used 10936K, committed 11200K, reserved 1048576K
}
Event: 23.734 GC heap after
{Heap after GC invocations=37 (full 0):
 garbage-first heap   total 84992K, used 45605K [0x0000000083a00000, 0x0000000100000000)
  region size 1024K, 2 young (2048K), 2 survivors (2048K)
 Metaspace       used 80722K, committed 81280K, reserved 1179648K
  class space    used 10936K, committed 11200K, reserved 1048576K
}
Event: 52.066 GC heap before
{Heap before GC invocations=38 (full 0):
 garbage-first heap   total 84992K, used 69157K [0x0000000083a00000, 0x0000000100000000)
  region size 1024K, 26 young (26624K), 2 survivors (2048K)
 Metaspace       used 84074K, committed 84672K, reserved 1179648K
  class space    used 11518K, committed 11776K, reserved 1048576K
}
Event: 52.069 GC heap after
{Heap after GC invocations=39 (full 0):
 garbage-first heap   total 84992K, used 46502K [0x0000000083a00000, 0x0000000100000000)
  region size 1024K, 3 young (3072K), 3 survivors (3072K)
 Metaspace       used 84074K, committed 84672K, reserved 1179648K
  class space    used 11518K, committed 11776K, reserved 1048576K
}
Event: 58.811 GC heap before
{Heap before GC invocations=39 (full 0):
 garbage-first heap   total 84992K, used 47526K [0x0000000083a00000, 0x0000000100000000)
  region size 1024K, 4 young (4096K), 3 survivors (3072K)
 Metaspace       used 84076K, committed 84672K, reserved 1179648K
  class space    used 11518K, committed 11776K, reserved 1048576K
}
Event: 58.817 GC heap after
{Heap after GC invocations=40 (full 0):
 garbage-first heap   total 84992K, used 46246K [0x0000000083a00000, 0x0000000100000000)
  region size 1024K, 1 young (1024K), 1 survivors (1024K)
 Metaspace       used 84076K, committed 84672K, reserved 1179648K
  class space    used 11518K, committed 11776K, reserved 1048576K
}
Event: 161.735 GC heap before
{Heap before GC invocations=40 (full 0):
 garbage-first heap   total 84992K, used 68774K [0x0000000083a00000, 0x0000000100000000)
  region size 1024K, 24 young (24576K), 1 survivors (1024K)
 Metaspace       used 86498K, committed 87104K, reserved 1179648K
  class space    used 11817K, committed 12096K, reserved 1048576K
}
Event: 161.781 GC heap after
{Heap after GC invocations=41 (full 0):
 garbage-first heap   total 84992K, used 46665K [0x0000000083a00000, 0x0000000100000000)
  region size 1024K, 1 young (1024K), 1 survivors (1024K)
 Metaspace       used 86498K, committed 87104K, reserved 1179648K
  class space    used 11817K, committed 12096K, reserved 1048576K
}
Event: 335.839 GC heap before
{Heap before GC invocations=42 (full 0):
 garbage-first heap   total 84992K, used 71241K [0x0000000083a00000, 0x0000000100000000)
  region size 1024K, 25 young (25600K), 1 survivors (1024K)
 Metaspace       used 86532K, committed 87168K, reserved 1179648K
  class space    used 11816K, committed 12096K, reserved 1048576K
}
Event: 335.921 GC heap after
{Heap after GC invocations=43 (full 0):
 garbage-first heap   total 84992K, used 46704K [0x0000000083a00000, 0x0000000100000000)
  region size 1024K, 1 young (1024K), 1 survivors (1024K)
 Metaspace       used 86532K, committed 87168K, reserved 1179648K
  class space    used 11816K, committed 12096K, reserved 1048576K
}
Event: 357.627 GC heap before
{Heap before GC invocations=43 (full 0):
 garbage-first heap   total 84992K, used 49776K [0x0000000083a00000, 0x0000000100000000)
  region size 1024K, 4 young (4096K), 1 survivors (1024K)
 Metaspace       used 86532K, committed 87168K, reserved 1179648K
  class space    used 11816K, committed 12096K, reserved 1048576K
}
Event: 357.677 GC heap after
{Heap after GC invocations=44 (full 0):
 garbage-first heap   total 84992K, used 46030K [0x0000000083a00000, 0x0000000100000000)
  region size 1024K, 1 young (1024K), 1 survivors (1024K)
 Metaspace       used 86532K, committed 87168K, reserved 1179648K
  class space    used 11816K, committed 12096K, reserved 1048576K
}
Event: 420.187 GC heap before
{Heap before GC invocations=44 (full 0):
 garbage-first heap   total 84992K, used 70606K [0x0000000083a00000, 0x0000000100000000)
  region size 1024K, 25 young (25600K), 1 survivors (1024K)
 Metaspace       used 88565K, committed 89280K, reserved 1179648K
  class space    used 12089K, committed 12416K, reserved 1048576K
}
Event: 420.457 GC heap after
{Heap after GC invocations=45 (full 0):
 garbage-first heap   total 84992K, used 47642K [0x0000000083a00000, 0x0000000100000000)
  region size 1024K, 2 young (2048K), 2 survivors (2048K)
 Metaspace       used 88565K, committed 89280K, reserved 1179648K
  class space    used 12089K, committed 12416K, reserved 1048576K
}

